Copyright 1986-2019 Xilinx, Inc. All Rights Reserved.
-----------------------------------------------------------------------------------------------
| Tool Version : Vivado v.2019.1 (win64) Build 2552052 Fri May 24 14:49:42 MDT 2019
| Date         : Sat Jun  5 22:23:32 2021
| Host         : DESKTOP-IRRHKJS running 64-bit major release  (build 9200)
| Command      : report_clock_utilization -file cis_sobel_wrapper_clock_utilization_routed.rpt
| Design       : cis_sobel_wrapper
| Device       : 7a100t-csg324
| Speed File   : -1  PRODUCTION 1.23 2018-06-13
| Design State : Routed
-----------------------------------------------------------------------------------------------

Clock Utilization Report

Table of Contents
-----------------
1. Clock Primitive Utilization
2. Global Clock Resources
3. Global Clock Source Details
4. Local Clock Details
5. Clock Regions: Key Resource Utilization
6. Clock Regions : Global Clock Summary
7. Device Cell Placement Summary for Global Clock g0
8. Device Cell Placement Summary for Global Clock g1
9. Device Cell Placement Summary for Global Clock g2
10. Device Cell Placement Summary for Global Clock g3
11. Device Cell Placement Summary for Global Clock g4
12. Device Cell Placement Summary for Global Clock g5
13. Device Cell Placement Summary for Global Clock g6
14. Device Cell Placement Summary for Global Clock g7
15. Device Cell Placement Summary for Global Clock g8
16. Device Cell Placement Summary for Global Clock g9
17. Device Cell Placement Summary for Global Clock g10
18. Device Cell Placement Summary for Global Clock g11
19. Device Cell Placement Summary for Global Clock g12
20. Device Cell Placement Summary for Global Clock g13
21. Clock Region Cell Placement per Global Clock: Region X0Y0
22. Clock Region Cell Placement per Global Clock: Region X1Y0
23. Clock Region Cell Placement per Global Clock: Region X0Y1
24. Clock Region Cell Placement per Global Clock: Region X1Y1
25. Clock Region Cell Placement per Global Clock: Region X0Y2
26. Clock Region Cell Placement per Global Clock: Region X1Y2

1. Clock Primitive Utilization
------------------------------

+----------+------+-----------+-----+--------------+--------+
| Type     | Used | Available | LOC | Clock Region | Pblock |
+----------+------+-----------+-----+--------------+--------+
| BUFGCTRL |   13 |        32 |   0 |            0 |      0 |
| BUFH     |    1 |        96 |   0 |            0 |      0 |
| BUFIO    |    0 |        24 |   0 |            0 |      0 |
| BUFMR    |    0 |        12 |   0 |            0 |      0 |
| BUFR     |    0 |        24 |   0 |            0 |      0 |
| MMCM     |    2 |         6 |   1 |            0 |      0 |
| PLL      |    1 |         6 |   1 |            0 |      0 |
+----------+------+-----------+-----+--------------+--------+


2. Global Clock Resources
-------------------------

+-----------+-----------+-----------------+------------+----------------+--------------+-------------------+-------------+-----------------+--------------+----------+---------------------------------------------------------------------------------------------------+------------------------------------------------------------------------------------------+
| Global Id | Source Id | Driver Type/Pin | Constraint | Site           | Clock Region | Load Clock Region | Clock Loads | Non-Clock Loads | Clock Period | Clock    | Driver Pin                                                                                        | Net                                                                                      |
+-----------+-----------+-----------------+------------+----------------+--------------+-------------------+-------------+-----------------+--------------+----------+---------------------------------------------------------------------------------------------------+------------------------------------------------------------------------------------------+
| g0        | src0      | BUFG/O          | None       | BUFGCTRL_X0Y0  | n/a          |                 4 |       13400 |               0 |       10.000 | Multiple | cis_sobel_i/mig_7series_0/u_cis_sobel_mig_7series_0_0_mig/u_ddr3_infrastructure/u_bufg_clkdiv0/O  | cis_sobel_i/mig_7series_0/u_cis_sobel_mig_7series_0_0_mig/u_ddr3_infrastructure/CLK      |
| g1        | src1      | BUFG/O          | None       | BUFGCTRL_X0Y16 | n/a          |                 4 |       10839 |               0 |       63.000 | Multiple | cis_sobel_i/clk_wiz_0/inst/clkout5_buf/O                                                          | cis_sobel_i/clk_wiz_0/inst/clk_16m                                                       |
| g2        | src1      | BUFG/O          | None       | BUFGCTRL_X0Y20 | n/a          |                 4 |        1662 |               0 |       20.000 | Multiple | cis_sobel_i/clk_wiz_0/inst/clkout7_buf/O                                                          | cis_sobel_i/clk_wiz_0/inst/clk_50m                                                       |
| g3        | src2      | BUFG/O          | None       | BUFGCTRL_X0Y21 | n/a          |                 4 |         988 |               0 |              |          | eth_tx_clk_IBUF_BUFG_inst/O                                                                       | eth_tx_clk_IBUF_BUFG                                                                     |
| g4        | src3      | BUFG/O          | None       | BUFGCTRL_X0Y1  | n/a          |                 3 |         256 |               0 |              |          | cis_sobel_i/util_ds_buf_0/U0/USE_BUFG.GEN_BUFG[0].BUFG_U/O                                        | cis_sobel_i/util_ds_buf_0/U0/BUFG_O[0]                                                   |
| g5        | src4      | BUFG/O          | None       | BUFGCTRL_X0Y22 | n/a          |                 1 |         197 |               0 |              |          | cis_sobel_i/Trash_Risc_0/FSM_onehot_jtagStateReg_reg[15]_i_2/O                                    | cis_sobel_i/Trash_Risc_0/dut_io_pads_jtag_TCK_i_ival                                     |
| g6        | src5      | BUFG/O          | None       | BUFGCTRL_X0Y2  | n/a          |                 1 |          89 |               0 |              |          | cis_sobel_i/ov5640_rgb565_top_0/scl_reg_i_3/O                                                     | cis_sobel_i/ov5640_rgb565_top_0/i2c_dri_clk                                              |
| g7        | src1      | BUFG/O          | None       | BUFGCTRL_X0Y17 | n/a          |                 3 |          63 |               0 |        5.000 | Multiple | cis_sobel_i/clk_wiz_0/inst/clkout4_buf/O                                                          | cis_sobel_i/clk_wiz_0/inst/clk_200m                                                      |
| g8        | src1      | BUFG/O          | None       | BUFGCTRL_X0Y23 | n/a          |                 1 |          11 |               0 |       10.000 | Multiple | cis_sobel_i/clk_wiz_0/inst/clkout1_buf/O                                                          | cis_sobel_i/clk_wiz_0/inst/clk_100m                                                      |
| g9        | src1      | BUFG/O          | None       | BUFGCTRL_X0Y24 | n/a          |                 1 |           8 |               0 |      119.000 | Multiple | cis_sobel_i/clk_wiz_0/inst/clkout6_buf/O                                                          | cis_sobel_i/clk_wiz_0/inst/clk_8388m                                                     |
| g10       | src1      | BUFG/O          | None       | BUFGCTRL_X0Y25 | n/a          |                 1 |           1 |               0 |       10.000 | Multiple | cis_sobel_i/clk_wiz_0/inst/clkf_buf/O                                                             | cis_sobel_i/clk_wiz_0/inst/clkfbout_buf_cis_sobel_clk_wiz_0_0                            |
| g11       | src6      | BUFH/O          | None       | BUFHCE_X1Y12   | X1Y1         |                 1 |           1 |               0 |       10.000 | Multiple | cis_sobel_i/mig_7series_0/u_cis_sobel_mig_7series_0_0_mig/u_ddr3_infrastructure/u_bufh_pll_clk3/O | cis_sobel_i/mig_7series_0/u_cis_sobel_mig_7series_0_0_mig/u_ddr3_infrastructure/pll_clk3 |
| g12       | src1      | BUFG/O          | None       | BUFGCTRL_X0Y19 | n/a          |                 1 |           0 |               1 |       42.000 | Multiple | cis_sobel_i/clk_wiz_0/inst/clkout3_buf/O                                                          | cis_sobel_i/clk_wiz_0/inst/clk_24m                                                       |
| g13       | src1      | BUFG/O          | None       | BUFGCTRL_X0Y18 | n/a          |                 1 |           0 |               1 |       40.000 | Multiple | cis_sobel_i/clk_wiz_0/inst/clkout2_buf/O                                                          | cis_sobel_i/clk_wiz_0/inst/clk_25m                                                       |
+-----------+-----------+-----------------+------------+----------------+--------------+-------------------+-------------+-----------------+--------------+----------+---------------------------------------------------------------------------------------------------+------------------------------------------------------------------------------------------+
* Clock Loads column represents the clock pin loads (pin count)
** Non-Clock Loads column represents the non-clock pin loads (pin count)


3. Global Clock Source Details
------------------------------

+-----------+-----------+---------------------+-----------------+-----------------+--------------+-------------+-----------------+---------------------+--------------+----------------------------------------------------------------------------------------------------------+----------------------------------------------------------------------------------------------+
| Source Id | Global Id | Driver Type/Pin     | Constraint      | Site            | Clock Region | Clock Loads | Non-Clock Loads | Source Clock Period | Source Clock | Driver Pin                                                                                               | Net                                                                                          |
+-----------+-----------+---------------------+-----------------+-----------------+--------------+-------------+-----------------+---------------------+--------------+----------------------------------------------------------------------------------------------------------+----------------------------------------------------------------------------------------------+
| src0      | g0        | MMCME2_ADV/CLKFBOUT | MMCME2_ADV_X1Y1 | MMCME2_ADV_X1Y1 | X1Y1         |           1 |               0 |              10.000 | Multiple     | cis_sobel_i/mig_7series_0/u_cis_sobel_mig_7series_0_0_mig/u_ddr3_infrastructure/gen_mmcm.mmcm_i/CLKFBOUT | cis_sobel_i/mig_7series_0/u_cis_sobel_mig_7series_0_0_mig/u_ddr3_infrastructure/clk_pll_i    |
| src1      | g8        | MMCME2_ADV/CLKOUT0  | None            | MMCME2_ADV_X1Y2 | X1Y2         |           1 |               0 |              10.000 | Multiple     | cis_sobel_i/clk_wiz_0/inst/mmcm_adv_inst/CLKOUT0                                                         | cis_sobel_i/clk_wiz_0/inst/clk_100m_cis_sobel_clk_wiz_0_0                                    |
| src1      | g1        | MMCME2_ADV/CLKOUT4  | None            | MMCME2_ADV_X1Y2 | X1Y2         |           1 |               0 |              63.000 | Multiple     | cis_sobel_i/clk_wiz_0/inst/mmcm_adv_inst/CLKOUT4                                                         | cis_sobel_i/clk_wiz_0/inst/clk_16m_cis_sobel_clk_wiz_0_0                                     |
| src1      | g7        | MMCME2_ADV/CLKOUT3  | None            | MMCME2_ADV_X1Y2 | X1Y2         |           1 |               0 |               5.000 | Multiple     | cis_sobel_i/clk_wiz_0/inst/mmcm_adv_inst/CLKOUT3                                                         | cis_sobel_i/clk_wiz_0/inst/clk_200m_cis_sobel_clk_wiz_0_0                                    |
| src1      | g12       | MMCME2_ADV/CLKOUT2  | None            | MMCME2_ADV_X1Y2 | X1Y2         |           1 |               0 |              42.000 | Multiple     | cis_sobel_i/clk_wiz_0/inst/mmcm_adv_inst/CLKOUT2                                                         | cis_sobel_i/clk_wiz_0/inst/clk_24m_cis_sobel_clk_wiz_0_0                                     |
| src1      | g13       | MMCME2_ADV/CLKOUT1  | None            | MMCME2_ADV_X1Y2 | X1Y2         |           1 |               0 |              40.000 | Multiple     | cis_sobel_i/clk_wiz_0/inst/mmcm_adv_inst/CLKOUT1                                                         | cis_sobel_i/clk_wiz_0/inst/clk_25m_cis_sobel_clk_wiz_0_0                                     |
| src1      | g2        | MMCME2_ADV/CLKOUT6  | None            | MMCME2_ADV_X1Y2 | X1Y2         |           1 |               0 |              20.000 | Multiple     | cis_sobel_i/clk_wiz_0/inst/mmcm_adv_inst/CLKOUT6                                                         | cis_sobel_i/clk_wiz_0/inst/clk_50m_cis_sobel_clk_wiz_0_0                                     |
| src1      | g9        | MMCME2_ADV/CLKOUT5  | None            | MMCME2_ADV_X1Y2 | X1Y2         |           1 |               0 |             119.000 | Multiple     | cis_sobel_i/clk_wiz_0/inst/mmcm_adv_inst/CLKOUT5                                                         | cis_sobel_i/clk_wiz_0/inst/clk_8388m_cis_sobel_clk_wiz_0_0                                   |
| src1      | g10       | MMCME2_ADV/CLKFBOUT | None            | MMCME2_ADV_X1Y2 | X1Y2         |           1 |               0 |              10.000 | Multiple     | cis_sobel_i/clk_wiz_0/inst/mmcm_adv_inst/CLKFBOUT                                                        | cis_sobel_i/clk_wiz_0/inst/clkfbout_cis_sobel_clk_wiz_0_0                                    |
| src2      | g3        | IBUF/O              | IOB_X0Y124      | IOB_X0Y124      | X0Y2         |           1 |               0 |                     |              | eth_tx_clk_IBUF_inst/O                                                                                   | eth_tx_clk_IBUF                                                                              |
| src3      | g4        | IBUF/O              | IOB_X0Y103      | IOB_X0Y103      | X0Y2         |           1 |               0 |                     |              | camera_pclk_IBUF[0]_inst/O                                                                               | camera_pclk_IBUF[0]                                                                          |
| src4      | g5        | IBUF/O              | IOB_X1Y124      | IOB_X1Y124      | X1Y2         |           1 |               0 |                     |              | cis_sobel_i/Trash_Risc_0/inst/IOBUF_jtag_TCK/IBUF/O                                                      | cis_sobel_i/Trash_Risc_0/inst/IOBUF_jtag_TCK/O                                               |
| src5      | g6        | FDPE/Q              | None            | SLICE_X10Y136   | X0Y2         |           1 |               1 |                     |              | cis_sobel_i/ov5640_rgb565_top_0/inst/u_i2c_dr/dri_clk_reg/Q                                              | cis_sobel_i/ov5640_rgb565_top_0/inst/u_i2c_dr/dri_clk_reg_0                                  |
| src6      | g11       | PLLE2_ADV/CLKOUT3   | PLLE2_ADV_X1Y1  | PLLE2_ADV_X1Y1  | X1Y1         |           1 |               0 |              10.000 | Multiple     | cis_sobel_i/mig_7series_0/u_cis_sobel_mig_7series_0_0_mig/u_ddr3_infrastructure/plle2_i/CLKOUT3          | cis_sobel_i/mig_7series_0/u_cis_sobel_mig_7series_0_0_mig/u_ddr3_infrastructure/pll_clk3_out |
+-----------+-----------+---------------------+-----------------+-----------------+--------------+-------------+-----------------+---------------------+--------------+----------------------------------------------------------------------------------------------------------+----------------------------------------------------------------------------------------------+
* Clock Loads column represents the clock pin loads (pin count)
** Non-Clock Loads column represents the non-clock pin loads (pin count)


4. Local Clock Details
----------------------

+----------+----------------------------+---------------------+------------------------------------+--------------+-------------+-----------------+--------------+----------+--------------------------------------------------------------------------------------------------------------------------------------------------------------------------------------------------------------------------------+-----------------------------------------------------------------------------------------------------------------------------------------------------------------------------------------------------------------------------+
| Local Id | Driver Type/Pin            | Constraint          | Site/BEL                           | Clock Region | Clock Loads | Non-Clock Loads | Clock Period | Clock    | Driver Pin                                                                                                                                                                                                                     | Net                                                                                                                                                                                                                         |
+----------+----------------------------+---------------------+------------------------------------+--------------+-------------+-----------------+--------------+----------+--------------------------------------------------------------------------------------------------------------------------------------------------------------------------------------------------------------------------------+-----------------------------------------------------------------------------------------------------------------------------------------------------------------------------------------------------------------------------||
| 0        | FDRE/Q                     | None                | SLICE_X63Y51/AFF                   | X1Y1         |         989 |               2 |              |          | cis_sobel_i/clkdivider_0/inst/clk_out_reg/Q                                                                                                                                                                                    | cis_sobel_i/clkdivider_0/inst/clk_out                                                                                                                                                                                       - Static -
| 1        | PLLE2_ADV/CLKOUT0          | PLLE2_ADV_X1Y1      | PLLE2_ADV_X1Y1/PLLE2_ADV           | X1Y1         |           5 |               2 |        1.250 | Multiple | cis_sobel_i/mig_7series_0/u_cis_sobel_mig_7series_0_0_mig/u_ddr3_infrastructure/plle2_i/CLKOUT0                                                                                                                                | cis_sobel_i/mig_7series_0/u_cis_sobel_mig_7series_0_0_mig/u_ddr3_infrastructure/freq_refclk                                                                                                                                 - Static -
| 2        | PHASER_OUT_PHY/OCLKDELAYED | PHASER_OUT_PHY_X1Y6 | PHASER_OUT_PHY_X1Y6/PHASER_OUT_PHY | X1Y1         |           2 |               0 |        2.500 | Multiple | cis_sobel_i/mig_7series_0/u_cis_sobel_mig_7series_0_0_mig/u_memc_ui_top_axi/mem_intfc0/ddr_phy_top0/u_ddr_mc_phy_wrapper/u_ddr_mc_phy/ddr_phy_4lanes_0.u_ddr_phy_4lanes/ddr_byte_lane_C.ddr_byte_lane_C/phaser_out/OCLKDELAYED | cis_sobel_i/mig_7series_0/u_cis_sobel_mig_7series_0_0_mig/u_memc_ui_top_axi/mem_intfc0/ddr_phy_top0/u_ddr_mc_phy_wrapper/u_ddr_mc_phy/ddr_phy_4lanes_0.u_ddr_phy_4lanes/ddr_byte_lane_C.ddr_byte_lane_C/oserdes_clk_delayed - Static -
| 3        | PHASER_OUT_PHY/OCLKDELAYED | PHASER_OUT_PHY_X1Y7 | PHASER_OUT_PHY_X1Y7/PHASER_OUT_PHY | X1Y1         |           2 |               0 |        2.500 | Multiple | cis_sobel_i/mig_7series_0/u_cis_sobel_mig_7series_0_0_mig/u_memc_ui_top_axi/mem_intfc0/ddr_phy_top0/u_ddr_mc_phy_wrapper/u_ddr_mc_phy/ddr_phy_4lanes_0.u_ddr_phy_4lanes/ddr_byte_lane_D.ddr_byte_lane_D/phaser_out/OCLKDELAYED | cis_sobel_i/mig_7series_0/u_cis_sobel_mig_7series_0_0_mig/u_memc_ui_top_axi/mem_intfc0/ddr_phy_top0/u_ddr_mc_phy_wrapper/u_ddr_mc_phy/ddr_phy_4lanes_0.u_ddr_phy_4lanes/ddr_byte_lane_D.ddr_byte_lane_D/oserdes_clk_delayed - Static -
| 4        | PLLE2_ADV/CLKOUT1          | PLLE2_ADV_X1Y1      | PLLE2_ADV_X1Y1/PLLE2_ADV           | X1Y1         |           1 |               6 |        2.500 | Multiple | cis_sobel_i/mig_7series_0/u_cis_sobel_mig_7series_0_0_mig/u_ddr3_infrastructure/plle2_i/CLKOUT1                                                                                                                                | cis_sobel_i/mig_7series_0/u_cis_sobel_mig_7series_0_0_mig/u_ddr3_infrastructure/mem_refclk                                                                                                                                  - Static -
+----------+----------------------------+---------------------+------------------------------------+--------------+-------------+-----------------+--------------+----------+--------------------------------------------------------------------------------------------------------------------------------------------------------------------------------------------------------------------------------+-----------------------------------------------------------------------------------------------------------------------------------------------------------------------------------------------------------------------------||
* Local Clocks in this context represents only clocks driven by non-global buffers
** Clock Loads column represents the clock pin loads (pin count)
*** Non-Clock Loads column represents the non-clock pin loads (pin count)


5. Clock Regions: Key Resource Utilization
------------------------------------------

+-------------------+--------------+--------------+--------------+--------------+--------------+--------------+--------------+--------------+--------------+--------------+--------------+--------------+--------------+--------------+--------------+
|                   | Global Clock |     BUFRs    |    BUFMRs    |    BUFIOs    |     MMCM     |      PLL     |      GT      |      PCI     |    ILOGIC    |    OLOGIC    |      FF      |     LUTM     |    RAMB18    |    RAMB36    |    DSP48E2   |
+-------------------+------+-------+------+-------+------+-------+------+-------+------+-------+------+-------+------+-------+------+-------+------+-------+------+-------+------+-------+------+-------+------+-------+------+-------+------+-------+
| Clock Region Name | Used | Avail | Used | Avail | Used | Avail | Used | Avail | Used | Avail | Used | Avail | Used | Avail | Used | Avail | Used | Avail | Used | Avail | Used | Avail | Used | Avail | Used | Avail | Used | Avail | Used | Avail |
+-------------------+------+-------+------+-------+------+-------+------+-------+------+-------+------+-------+------+-------+------+-------+------+-------+------+-------+------+-------+------+-------+------+-------+------+-------+------+-------+
| X0Y0              |    3 |    12 |    0 |     4 |    0 |     2 |    0 |     4 |    0 |     1 |    0 |     1 |    0 |     0 |    0 |     0 |    0 |    50 |    0 |    50 | 6223 |  2600 | 1538 |   600 |    0 |    20 |   10 |    10 |    0 |    20 |
| X1Y0              |    1 |    12 |    0 |     0 |    0 |     0 |    0 |     0 |    0 |     0 |    0 |     0 |    0 |     4 |    0 |     0 |    0 |     0 |    0 |     0 | 2275 |  1500 |  930 |   550 |    0 |    40 |   20 |    20 |    0 |    40 |
| X0Y1              |    5 |    12 |    0 |     4 |    0 |     2 |    0 |     4 |    0 |     1 |    0 |     1 |    0 |     0 |    0 |     0 |    0 |    50 |    5 |    50 | 5157 |  2000 | 2052 |   600 |    0 |    20 |    1 |    10 |    0 |    20 |
| X1Y1              |    8 |    12 |    0 |     4 |    0 |     2 |    0 |     4 |    1 |     1 |    1 |     1 |    0 |     0 |    0 |     0 |    0 |    50 |    4 |    50 | 5477 |  1900 | 1990 |   650 |    0 |    60 |    5 |    30 |    0 |    40 |
| X0Y2              |    9 |    12 |    0 |     4 |    0 |     2 |    0 |     4 |    0 |     1 |    0 |     1 |    0 |     0 |    0 |     0 |    0 |    50 |    0 |    50 | 2759 |  2000 |  912 |   600 |    0 |    20 |    2 |    10 |    0 |    20 |
| X1Y2              |    4 |    12 |    0 |     4 |    0 |     2 |    0 |     4 |    1 |     1 |    0 |     1 |    0 |     0 |    0 |     0 |    0 |    50 |    0 |    50 | 4913 |  1900 | 2180 |   650 |    0 |    60 |    4 |    30 |    0 |    40 |
| X0Y3              |    0 |    12 |    0 |     4 |    0 |     2 |    0 |     4 |    0 |     1 |    0 |     1 |    0 |     0 |    0 |     0 |    0 |    50 |    0 |    50 |    0 |  2600 |    0 |   600 |    0 |    20 |    0 |    10 |    0 |    20 |
| X1Y3              |    0 |    12 |    0 |     0 |    0 |     0 |    0 |     0 |    0 |     0 |    0 |     0 |    0 |     4 |    0 |     1 |    0 |     0 |    0 |     0 |    0 |  1350 |    0 |   500 |    0 |    30 |    0 |    15 |    0 |    40 |
+-------------------+------+-------+------+-------+------+-------+------+-------+------+-------+------+-------+------+-------+------+-------+------+-------+------+-------+------+-------+------+-------+------+-------+------+-------+------+-------+
* Global Clock column represents track count; while other columns represents cell counts


6. Clock Regions : Global Clock Summary
---------------------------------------

All Modules
+----+----+----+
|    | X0 | X1 |
+----+----+----+
| Y3 |  0 |  0 |
| Y2 |  9 |  4 |
| Y1 |  5 |  8 |
| Y0 |  3 |  1 |
+----+----+----+


7. Device Cell Placement Summary for Global Clock g0
----------------------------------------------------

+-----------+-----------------+-------------------+----------+-------------+---------------+-------------+----------+----------------+----------+-------------------------------------------------------------------------------------+
| Global Id | Driver Type/Pin | Driver Region (D) | Clock    | Period (ns) | Waveform (ns) | Slice Loads | IO Loads | Clocking Loads | GT Loads | Net                                                                                 |
+-----------+-----------------+-------------------+----------+-------------+---------------+-------------+----------+----------------+----------+-------------------------------------------------------------------------------------+
| g0        | BUFG/O          | n/a               | Multiple |      10.000 | {0.000 5.000} |       13089 |        0 |              1 |        0 | cis_sobel_i/mig_7series_0/u_cis_sobel_mig_7series_0_0_mig/u_ddr3_infrastructure/CLK |
+-----------+-----------------+-------------------+----------+-------------+---------------+-------------+----------+----------------+----------+-------------------------------------------------------------------------------------+
* Slice Loads column represents load cell count of all cell types other than IO, GT and clock resources
** IO Loads column represents load cell count of IO types
*** Clocking Loads column represents load cell count that are clock resources (global clock buffer, MMCM, PLL, etc)
**** GT Loads column represents load cell count of GT types


+----+-------+-------+
|    | X0    | X1    |
+----+-------+-------+
| Y3 |     0 |     0 |
| Y2 |  1940 |  5151 |
| Y1 |  2078 |  3921 |
| Y0 |     0 |     0 |
+----+-------+-------+


8. Device Cell Placement Summary for Global Clock g1
----------------------------------------------------

+-----------+-----------------+-------------------+----------+-------------+----------------+-------------+----------+----------------+----------+------------------------------------+
| Global Id | Driver Type/Pin | Driver Region (D) | Clock    | Period (ns) | Waveform (ns)  | Slice Loads | IO Loads | Clocking Loads | GT Loads | Net                                |
+-----------+-----------------+-------------------+----------+-------------+----------------+-------------+----------+----------------+----------+------------------------------------+
| g1        | BUFG/O          | n/a               | Multiple |      63.000 | {0.000 31.500} |       10803 |        0 |              0 |        0 | cis_sobel_i/clk_wiz_0/inst/clk_16m |
+-----------+-----------------+-------------------+----------+-------------+----------------+-------------+----------+----------------+----------+------------------------------------+
* Slice Loads column represents load cell count of all cell types other than IO, GT and clock resources
** IO Loads column represents load cell count of IO types
*** Clocking Loads column represents load cell count that are clock resources (global clock buffer, MMCM, PLL, etc)
**** GT Loads column represents load cell count of GT types


+----+-------+-------+
|    | X0    | X1    |
+----+-------+-------+
| Y3 |     0 |     0 |
| Y2 |     0 |     0 |
| Y1 |  2579 |  1520 |
| Y0 |  4971 |  1733 |
+----+-------+-------+


9. Device Cell Placement Summary for Global Clock g2
----------------------------------------------------

+-----------+-----------------+-------------------+----------+-------------+----------------+-------------+----------+----------------+----------+------------------------------------+
| Global Id | Driver Type/Pin | Driver Region (D) | Clock    | Period (ns) | Waveform (ns)  | Slice Loads | IO Loads | Clocking Loads | GT Loads | Net                                |
+-----------+-----------------+-------------------+----------+-------------+----------------+-------------+----------+----------------+----------+------------------------------------+
| g2        | BUFG/O          | n/a               | Multiple |      20.000 | {0.000 10.000} |        1662 |        0 |              0 |        0 | cis_sobel_i/clk_wiz_0/inst/clk_50m |
+-----------+-----------------+-------------------+----------+-------------+----------------+-------------+----------+----------------+----------+------------------------------------+
* Slice Loads column represents load cell count of all cell types other than IO, GT and clock resources
** IO Loads column represents load cell count of IO types
*** Clocking Loads column represents load cell count that are clock resources (global clock buffer, MMCM, PLL, etc)
**** GT Loads column represents load cell count of GT types


+----+------+------+
|    | X0   | X1   |
+----+------+------+
| Y3 |    0 |    0 |
| Y2 |   41 |    0 |
| Y1 |  643 |  339 |
| Y0 |  639 |    0 |
+----+------+------+


10. Device Cell Placement Summary for Global Clock g3
-----------------------------------------------------

+-----------+-----------------+-------------------+-------+-------------+---------------+-------------+----------+----------------+----------+----------------------+
| Global Id | Driver Type/Pin | Driver Region (D) | Clock | Period (ns) | Waveform (ns) | Slice Loads | IO Loads | Clocking Loads | GT Loads | Net                  |
+-----------+-----------------+-------------------+-------+-------------+---------------+-------------+----------+----------------+----------+----------------------+
| g3        | BUFG/O          | n/a               |       |             |               |         986 |        0 |              0 |        0 | eth_tx_clk_IBUF_BUFG |
+-----------+-----------------+-------------------+-------+-------------+---------------+-------------+----------+----------------+----------+----------------------+
* Slice Loads column represents load cell count of all cell types other than IO, GT and clock resources
** IO Loads column represents load cell count of IO types
*** Clocking Loads column represents load cell count that are clock resources (global clock buffer, MMCM, PLL, etc)
**** GT Loads column represents load cell count of GT types


+----+------+------+
|    | X0   | X1   |
+----+------+------+
| Y3 |    0 |    0 |
| Y2 |  640 |  178 |
| Y1 |  161 |    7 |
| Y0 |    0 |    0 |
+----+------+------+


11. Device Cell Placement Summary for Global Clock g4
-----------------------------------------------------

+-----------+-----------------+-------------------+-------+-------------+---------------+-------------+----------+----------------+----------+----------------------------------------+
| Global Id | Driver Type/Pin | Driver Region (D) | Clock | Period (ns) | Waveform (ns) | Slice Loads | IO Loads | Clocking Loads | GT Loads | Net                                    |
+-----------+-----------------+-------------------+-------+-------------+---------------+-------------+----------+----------------+----------+----------------------------------------+
| g4        | BUFG/O          | n/a               |       |             |               |         256 |        0 |              0 |        0 | cis_sobel_i/util_ds_buf_0/U0/BUFG_O[0] |
+-----------+-----------------+-------------------+-------+-------------+---------------+-------------+----------+----------------+----------+----------------------------------------+
* Slice Loads column represents load cell count of all cell types other than IO, GT and clock resources
** IO Loads column represents load cell count of IO types
*** Clocking Loads column represents load cell count that are clock resources (global clock buffer, MMCM, PLL, etc)
**** GT Loads column represents load cell count of GT types


+----+------+----+
|    | X0   | X1 |
+----+------+----+
| Y3 |    0 |  0 |
| Y2 |   41 |  0 |
| Y1 |  213 |  2 |
| Y0 |    0 |  0 |
+----+------+----+


12. Device Cell Placement Summary for Global Clock g5
-----------------------------------------------------

+-----------+-----------------+-------------------+-------+-------------+---------------+-------------+----------+----------------+----------+------------------------------------------------------+
| Global Id | Driver Type/Pin | Driver Region (D) | Clock | Period (ns) | Waveform (ns) | Slice Loads | IO Loads | Clocking Loads | GT Loads | Net                                                  |
+-----------+-----------------+-------------------+-------+-------------+---------------+-------------+----------+----------------+----------+------------------------------------------------------+
| g5        | BUFG/O          | n/a               |       |             |               |         197 |        0 |              0 |        0 | cis_sobel_i/Trash_Risc_0/dut_io_pads_jtag_TCK_i_ival |
+-----------+-----------------+-------------------+-------+-------------+---------------+-------------+----------+----------------+----------+------------------------------------------------------+
* Slice Loads column represents load cell count of all cell types other than IO, GT and clock resources
** IO Loads column represents load cell count of IO types
*** Clocking Loads column represents load cell count that are clock resources (global clock buffer, MMCM, PLL, etc)
**** GT Loads column represents load cell count of GT types


+----+------+----+
|    | X0   | X1 |
+----+------+----+
| Y3 |    0 |  0 |
| Y2 |    0 |  0 |
| Y1 |    0 |  0 |
| Y0 |  197 |  0 |
+----+------+----+


13. Device Cell Placement Summary for Global Clock g6
-----------------------------------------------------

+-----------+-----------------+-------------------+-------+-------------+---------------+-------------+----------+----------------+----------+---------------------------------------------+
| Global Id | Driver Type/Pin | Driver Region (D) | Clock | Period (ns) | Waveform (ns) | Slice Loads | IO Loads | Clocking Loads | GT Loads | Net                                         |
+-----------+-----------------+-------------------+-------+-------------+---------------+-------------+----------+----------------+----------+---------------------------------------------+
| g6        | BUFG/O          | n/a               |       |             |               |          89 |        0 |              0 |        0 | cis_sobel_i/ov5640_rgb565_top_0/i2c_dri_clk |
+-----------+-----------------+-------------------+-------+-------------+---------------+-------------+----------+----------------+----------+---------------------------------------------+
* Slice Loads column represents load cell count of all cell types other than IO, GT and clock resources
** IO Loads column represents load cell count of IO types
*** Clocking Loads column represents load cell count that are clock resources (global clock buffer, MMCM, PLL, etc)
**** GT Loads column represents load cell count of GT types


+----+-----+----+
|    | X0  | X1 |
+----+-----+----+
| Y3 |   0 |  0 |
| Y2 |  89 |  0 |
| Y1 |   0 |  0 |
| Y0 |   0 |  0 |
+----+-----+----+


14. Device Cell Placement Summary for Global Clock g7
-----------------------------------------------------

+-----------+-----------------+-------------------+----------+-------------+---------------+-------------+----------+----------------+----------+-------------------------------------+
| Global Id | Driver Type/Pin | Driver Region (D) | Clock    | Period (ns) | Waveform (ns) | Slice Loads | IO Loads | Clocking Loads | GT Loads | Net                                 |
+-----------+-----------------+-------------------+----------+-------------+---------------+-------------+----------+----------------+----------+-------------------------------------+
| g7        | BUFG/O          | n/a               | Multiple |       5.000 | {0.000 2.500} |          62 |        0 |              1 |        0 | cis_sobel_i/clk_wiz_0/inst/clk_200m |
+-----------+-----------------+-------------------+----------+-------------+---------------+-------------+----------+----------------+----------+-------------------------------------+
* Slice Loads column represents load cell count of all cell types other than IO, GT and clock resources
** IO Loads column represents load cell count of IO types
*** Clocking Loads column represents load cell count that are clock resources (global clock buffer, MMCM, PLL, etc)
**** GT Loads column represents load cell count of GT types


+----+-----+-----+
|    | X0  | X1  |
+----+-----+-----+
| Y3 |   0 |   0 |
| Y2 |  46 |  15 |
| Y1 |   0 |   2 |
| Y0 |   0 |   0 |
+----+-----+-----+


15. Device Cell Placement Summary for Global Clock g8
-----------------------------------------------------

+-----------+-----------------+-------------------+----------+-------------+---------------+-------------+----------+----------------+----------+-------------------------------------+
| Global Id | Driver Type/Pin | Driver Region (D) | Clock    | Period (ns) | Waveform (ns) | Slice Loads | IO Loads | Clocking Loads | GT Loads | Net                                 |
+-----------+-----------------+-------------------+----------+-------------+---------------+-------------+----------+----------------+----------+-------------------------------------+
| g8        | BUFG/O          | n/a               | Multiple |      10.000 | {0.000 5.000} |          11 |        0 |              0 |        0 | cis_sobel_i/clk_wiz_0/inst/clk_100m |
+-----------+-----------------+-------------------+----------+-------------+---------------+-------------+----------+----------------+----------+-------------------------------------+
* Slice Loads column represents load cell count of all cell types other than IO, GT and clock resources
** IO Loads column represents load cell count of IO types
*** Clocking Loads column represents load cell count that are clock resources (global clock buffer, MMCM, PLL, etc)
**** GT Loads column represents load cell count of GT types


+----+-----+----+
|    | X0  | X1 |
+----+-----+----+
| Y3 |   0 |  0 |
| Y2 |  11 |  0 |
| Y1 |   0 |  0 |
| Y0 |   0 |  0 |
+----+-----+----+


16. Device Cell Placement Summary for Global Clock g9
-----------------------------------------------------

+-----------+-----------------+-------------------+----------+-------------+----------------+-------------+----------+----------------+----------+--------------------------------------+
| Global Id | Driver Type/Pin | Driver Region (D) | Clock    | Period (ns) | Waveform (ns)  | Slice Loads | IO Loads | Clocking Loads | GT Loads | Net                                  |
+-----------+-----------------+-------------------+----------+-------------+----------------+-------------+----------+----------------+----------+--------------------------------------+
| g9        | BUFG/O          | n/a               | Multiple |     119.000 | {0.000 59.500} |           8 |        0 |              0 |        0 | cis_sobel_i/clk_wiz_0/inst/clk_8388m |
+-----------+-----------------+-------------------+----------+-------------+----------------+-------------+----------+----------------+----------+--------------------------------------+
* Slice Loads column represents load cell count of all cell types other than IO, GT and clock resources
** IO Loads column represents load cell count of IO types
*** Clocking Loads column represents load cell count that are clock resources (global clock buffer, MMCM, PLL, etc)
**** GT Loads column represents load cell count of GT types


+----+----+----+
|    | X0 | X1 |
+----+----+----+
| Y3 |  0 |  0 |
| Y2 |  0 |  0 |
| Y1 |  0 |  8 |
| Y0 |  0 |  0 |
+----+----+----+


17. Device Cell Placement Summary for Global Clock g10
------------------------------------------------------

+-----------+-----------------+-------------------+----------+-------------+---------------+-------------+----------+----------------+----------+---------------------------------------------------------------+
| Global Id | Driver Type/Pin | Driver Region (D) | Clock    | Period (ns) | Waveform (ns) | Slice Loads | IO Loads | Clocking Loads | GT Loads | Net                                                           |
+-----------+-----------------+-------------------+----------+-------------+---------------+-------------+----------+----------------+----------+---------------------------------------------------------------+
| g10       | BUFG/O          | n/a               | Multiple |      10.000 | {0.000 5.000} |           0 |        0 |              1 |        0 | cis_sobel_i/clk_wiz_0/inst/clkfbout_buf_cis_sobel_clk_wiz_0_0 |
+-----------+-----------------+-------------------+----------+-------------+---------------+-------------+----------+----------------+----------+---------------------------------------------------------------+
* Slice Loads column represents load cell count of all cell types other than IO, GT and clock resources
** IO Loads column represents load cell count of IO types
*** Clocking Loads column represents load cell count that are clock resources (global clock buffer, MMCM, PLL, etc)
**** GT Loads column represents load cell count of GT types


+----+----+----+
|    | X0 | X1 |
+----+----+----+
| Y3 |  0 |  0 |
| Y2 |  0 |  1 |
| Y1 |  0 |  0 |
| Y0 |  0 |  0 |
+----+----+----+


18. Device Cell Placement Summary for Global Clock g11
------------------------------------------------------

+-----------+-----------------+-------------------+----------+-------------+---------------+-------------+----------+----------------+----------+------------------------------------------------------------------------------------------+
| Global Id | Driver Type/Pin | Driver Region (D) | Clock    | Period (ns) | Waveform (ns) | Slice Loads | IO Loads | Clocking Loads | GT Loads | Net                                                                                      |
+-----------+-----------------+-------------------+----------+-------------+---------------+-------------+----------+----------------+----------+------------------------------------------------------------------------------------------+
| g11       | BUFH/O          | X1Y1              | Multiple |      10.000 | {0.000 5.000} |           0 |        0 |              1 |        0 | cis_sobel_i/mig_7series_0/u_cis_sobel_mig_7series_0_0_mig/u_ddr3_infrastructure/pll_clk3 |
+-----------+-----------------+-------------------+----------+-------------+---------------+-------------+----------+----------------+----------+------------------------------------------------------------------------------------------+
* Slice Loads column represents load cell count of all cell types other than IO, GT and clock resources
** IO Loads column represents load cell count of IO types
*** Clocking Loads column represents load cell count that are clock resources (global clock buffer, MMCM, PLL, etc)
**** GT Loads column represents load cell count of GT types


+----+----+--------+
|    | X0 | X1     |
+----+----+--------+
| Y3 |  0 |      0 |
| Y2 |  0 |      0 |
| Y1 |  0 |  (D) 1 |
| Y0 |  0 |      0 |
+----+----+--------+


19. Device Cell Placement Summary for Global Clock g12
------------------------------------------------------

+-----------+-----------------+-------------------+----------+-------------+----------------+-------------+----------+----------------+----------+------------------------------------+
| Global Id | Driver Type/Pin | Driver Region (D) | Clock    | Period (ns) | Waveform (ns)  | Slice Loads | IO Loads | Clocking Loads | GT Loads | Net                                |
+-----------+-----------------+-------------------+----------+-------------+----------------+-------------+----------+----------------+----------+------------------------------------+
| g12       | BUFG/O          | n/a               | Multiple |      42.000 | {0.000 21.000} |           0 |        1 |              0 |        0 | cis_sobel_i/clk_wiz_0/inst/clk_24m |
+-----------+-----------------+-------------------+----------+-------------+----------------+-------------+----------+----------------+----------+------------------------------------+
* Slice Loads column represents load cell count of all cell types other than IO, GT and clock resources
** IO Loads column represents load cell count of IO types
*** Clocking Loads column represents load cell count that are clock resources (global clock buffer, MMCM, PLL, etc)
**** GT Loads column represents load cell count of GT types


+----+----+----+
|    | X0 | X1 |
+----+----+----+
| Y3 |  0 |  0 |
| Y2 |  1 |  0 |
| Y1 |  0 |  0 |
| Y0 |  0 |  0 |
+----+----+----+


20. Device Cell Placement Summary for Global Clock g13
------------------------------------------------------

+-----------+-----------------+-------------------+----------+-------------+----------------+-------------+----------+----------------+----------+------------------------------------+
| Global Id | Driver Type/Pin | Driver Region (D) | Clock    | Period (ns) | Waveform (ns)  | Slice Loads | IO Loads | Clocking Loads | GT Loads | Net                                |
+-----------+-----------------+-------------------+----------+-------------+----------------+-------------+----------+----------------+----------+------------------------------------+
| g13       | BUFG/O          | n/a               | Multiple |      40.000 | {0.000 20.000} |           0 |        1 |              0 |        0 | cis_sobel_i/clk_wiz_0/inst/clk_25m |
+-----------+-----------------+-------------------+----------+-------------+----------------+-------------+----------+----------------+----------+------------------------------------+
* Slice Loads column represents load cell count of all cell types other than IO, GT and clock resources
** IO Loads column represents load cell count of IO types
*** Clocking Loads column represents load cell count that are clock resources (global clock buffer, MMCM, PLL, etc)
**** GT Loads column represents load cell count of GT types


+----+----+----+
|    | X0 | X1 |
+----+----+----+
| Y3 |  0 |  0 |
| Y2 |  1 |  0 |
| Y1 |  0 |  0 |
| Y0 |  0 |  0 |
+----+----+----+


21. Clock Region Cell Placement per Global Clock: Region X0Y0
-------------------------------------------------------------

+-----------+-------+-----------------+------------+-------------+-----------------+------+--------+------+-----+----+------+-----+---------+------------------------------------------------------+
| Global Id | Track | Driver Type/Pin | Constraint | Clock Loads | Non-Clock Loads | FF   | LUTRAM | RAMB | DSP | GT | MMCM | PLL | Hard IP | Net                                                  |
+-----------+-------+-----------------+------------+-------------+-----------------+------+--------+------+-----+----+------+-----+---------+------------------------------------------------------+
| g1        | n/a   | BUFG/O          | None       |        4971 |               0 | 4961 |      0 |   10 |   0 |  0 |    0 |   0 |       0 | cis_sobel_i/clk_wiz_0/inst/clk_16m                   |
| g2        | n/a   | BUFG/O          | None       |         639 |               0 |  639 |      0 |    0 |   0 |  0 |    0 |   0 |       0 | cis_sobel_i/clk_wiz_0/inst/clk_50m                   |
| g5        | n/a   | BUFG/O          | None       |         197 |               0 |  197 |      0 |    0 |   0 |  0 |    0 |   0 |       0 | cis_sobel_i/Trash_Risc_0/dut_io_pads_jtag_TCK_i_ival |
+-----------+-------+-----------------+------------+-------------+-----------------+------+--------+------+-----+----+------+-----+---------+------------------------------------------------------+
* Clock Loads column represents the clock pin loads (pin count)
** Non-Clock Loads column represents the non-clock pin loads (pin count)
*** Columns FF, LUTRAM, RAMB through 'Hard IP' represents load cell counts


22. Clock Region Cell Placement per Global Clock: Region X1Y0
-------------------------------------------------------------

+-----------+-------+-----------------+------------+-------------+-----------------+------+--------+------+-----+----+------+-----+---------+------------------------------------+
| Global Id | Track | Driver Type/Pin | Constraint | Clock Loads | Non-Clock Loads | FF   | LUTRAM | RAMB | DSP | GT | MMCM | PLL | Hard IP | Net                                |
+-----------+-------+-----------------+------------+-------------+-----------------+------+--------+------+-----+----+------+-----+---------+------------------------------------+
| g1        | n/a   | BUFG/O          | None       |        1733 |               0 | 1713 |      0 |   20 |   0 |  0 |    0 |   0 |       0 | cis_sobel_i/clk_wiz_0/inst/clk_16m |
+-----------+-------+-----------------+------------+-------------+-----------------+------+--------+------+-----+----+------+-----+---------+------------------------------------+
* Clock Loads column represents the clock pin loads (pin count)
** Non-Clock Loads column represents the non-clock pin loads (pin count)
*** Columns FF, LUTRAM, RAMB through 'Hard IP' represents load cell counts


23. Clock Region Cell Placement per Global Clock: Region X0Y1
-------------------------------------------------------------

+-----------+-------+-----------------+------------+-------------+-----------------+------+--------+------+-----+----+------+-----+---------+-------------------------------------------------------------------------------------+
| Global Id | Track | Driver Type/Pin | Constraint | Clock Loads | Non-Clock Loads | FF   | LUTRAM | RAMB | DSP | GT | MMCM | PLL | Hard IP | Net                                                                                 |
+-----------+-------+-----------------+------------+-------------+-----------------+------+--------+------+-----+----+------+-----+---------+-------------------------------------------------------------------------------------+
| g0        | n/a   | BUFG/O          | None       |        2078 |               0 | 1860 |    218 |    0 |   0 |  0 |    0 |   0 |       0 | cis_sobel_i/mig_7series_0/u_cis_sobel_mig_7series_0_0_mig/u_ddr3_infrastructure/CLK |
| g1        | n/a   | BUFG/O          | None       |        2579 |               0 | 2578 |      0 |    1 |   0 |  0 |    0 |   0 |       0 | cis_sobel_i/clk_wiz_0/inst/clk_16m                                                  |
| g2        | n/a   | BUFG/O          | None       |         643 |               0 |  349 |    293 |    0 |   0 |  0 |    0 |   0 |       0 | cis_sobel_i/clk_wiz_0/inst/clk_50m                                                  |
| g3        | n/a   | BUFG/O          | None       |         161 |               0 |  161 |      0 |    0 |   0 |  0 |    0 |   0 |       0 | eth_tx_clk_IBUF_BUFG                                                                |
| g4        | n/a   | BUFG/O          | None       |         213 |               0 |  209 |      3 |    0 |   0 |  0 |    0 |   0 |       0 | cis_sobel_i/util_ds_buf_0/U0/BUFG_O[0]                                              |
+-----------+-------+-----------------+------------+-------------+-----------------+------+--------+------+-----+----+------+-----+---------+-------------------------------------------------------------------------------------+
* Clock Loads column represents the clock pin loads (pin count)
** Non-Clock Loads column represents the non-clock pin loads (pin count)
*** Columns FF, LUTRAM, RAMB through 'Hard IP' represents load cell counts


24. Clock Region Cell Placement per Global Clock: Region X1Y1
-------------------------------------------------------------

+-----------+-------+-----------------+------------+-------------+-----------------+------+--------+------+-----+----+------+-----+---------+------------------------------------------------------------------------------------------+
| Global Id | Track | Driver Type/Pin | Constraint | Clock Loads | Non-Clock Loads | FF   | LUTRAM | RAMB | DSP | GT | MMCM | PLL | Hard IP | Net                                                                                      |
+-----------+-------+-----------------+------------+-------------+-----------------+------+--------+------+-----+----+------+-----+---------+------------------------------------------------------------------------------------------+
| g0        | n/a   | BUFG/O          | None       |        3921 |               0 | 3796 |     91 |    4 |   0 |  0 |    1 |   0 |       0 | cis_sobel_i/mig_7series_0/u_cis_sobel_mig_7series_0_0_mig/u_ddr3_infrastructure/CLK      |
| g1        | n/a   | BUFG/O          | None       |        1520 |               0 | 1519 |      0 |    1 |   0 |  0 |    0 |   0 |       0 | cis_sobel_i/clk_wiz_0/inst/clk_16m                                                       |
| g2        | n/a   | BUFG/O          | None       |         339 |               0 |  147 |    190 |    2 |   0 |  0 |    0 |   0 |       0 | cis_sobel_i/clk_wiz_0/inst/clk_50m                                                       |
| g3        | n/a   | BUFG/O          | None       |           7 |               0 |    7 |      0 |    0 |   0 |  0 |    0 |   0 |       0 | eth_tx_clk_IBUF_BUFG                                                                     |
| g4        | n/a   | BUFG/O          | None       |           2 |               0 |    0 |      0 |    2 |   0 |  0 |    0 |   0 |       0 | cis_sobel_i/util_ds_buf_0/U0/BUFG_O[0]                                                   |
| g7        | n/a   | BUFG/O          | None       |           2 |               0 |    0 |      0 |    0 |   0 |  0 |    0 |   1 |       0 | cis_sobel_i/clk_wiz_0/inst/clk_200m                                                      |
| g9        | n/a   | BUFG/O          | None       |           8 |               0 |    8 |      0 |    0 |   0 |  0 |    0 |   0 |       0 | cis_sobel_i/clk_wiz_0/inst/clk_8388m                                                     |
| g11       | n/a   | BUFH/O          | None       |           1 |               0 |    0 |      0 |    0 |   0 |  0 |    1 |   0 |       0 | cis_sobel_i/mig_7series_0/u_cis_sobel_mig_7series_0_0_mig/u_ddr3_infrastructure/pll_clk3 |
+-----------+-------+-----------------+------------+-------------+-----------------+------+--------+------+-----+----+------+-----+---------+------------------------------------------------------------------------------------------+
* Clock Loads column represents the clock pin loads (pin count)
** Non-Clock Loads column represents the non-clock pin loads (pin count)
*** Columns FF, LUTRAM, RAMB through 'Hard IP' represents load cell counts


25. Clock Region Cell Placement per Global Clock: Region X0Y2
-------------------------------------------------------------

+-----------+-------+-----------------+------------+-------------+-----------------+------+--------+------+-----+----+------+-----+---------+-------------------------------------------------------------------------------------+
| Global Id | Track | Driver Type/Pin | Constraint | Clock Loads | Non-Clock Loads | FF   | LUTRAM | RAMB | DSP | GT | MMCM | PLL | Hard IP | Net                                                                                 |
+-----------+-------+-----------------+------------+-------------+-----------------+------+--------+------+-----+----+------+-----+---------+-------------------------------------------------------------------------------------+
| g0        | n/a   | BUFG/O          | None       |        1940 |               0 | 1894 |     46 |    0 |   0 |  0 |    0 |   0 |       0 | cis_sobel_i/mig_7series_0/u_cis_sobel_mig_7series_0_0_mig/u_ddr3_infrastructure/CLK |
| g2        | n/a   | BUFG/O          | None       |          41 |               0 |   41 |      0 |    0 |   0 |  0 |    0 |   0 |       0 | cis_sobel_i/clk_wiz_0/inst/clk_50m                                                  |
| g3        | n/a   | BUFG/O          | None       |         640 |               0 |  638 |      0 |    2 |   0 |  0 |    0 |   0 |       0 | eth_tx_clk_IBUF_BUFG                                                                |
| g4        | n/a   | BUFG/O          | None       |          41 |               0 |   41 |      0 |    0 |   0 |  0 |    0 |   0 |       0 | cis_sobel_i/util_ds_buf_0/U0/BUFG_O[0]                                              |
| g6        | n/a   | BUFG/O          | None       |          89 |               0 |   89 |      0 |    0 |   0 |  0 |    0 |   0 |       0 | cis_sobel_i/ov5640_rgb565_top_0/i2c_dri_clk                                         |
| g7        | n/a   | BUFG/O          | None       |          46 |               0 |   45 |      0 |    0 |   0 |  0 |    0 |   0 |       0 | cis_sobel_i/clk_wiz_0/inst/clk_200m                                                 |
| g8        | n/a   | BUFG/O          | None       |          11 |               0 |   11 |      0 |    0 |   0 |  0 |    0 |   0 |       0 | cis_sobel_i/clk_wiz_0/inst/clk_100m                                                 |
| g12       | n/a   | BUFG/O          | None       |           0 |               1 |    0 |      0 |    0 |   0 |  0 |    0 |   0 |       0 | cis_sobel_i/clk_wiz_0/inst/clk_24m                                                  |
| g13       | n/a   | BUFG/O          | None       |           0 |               1 |    0 |      0 |    0 |   0 |  0 |    0 |   0 |       0 | cis_sobel_i/clk_wiz_0/inst/clk_25m                                                  |
+-----------+-------+-----------------+------------+-------------+-----------------+------+--------+------+-----+----+------+-----+---------+-------------------------------------------------------------------------------------+
* Clock Loads column represents the clock pin loads (pin count)
** Non-Clock Loads column represents the non-clock pin loads (pin count)
*** Columns FF, LUTRAM, RAMB through 'Hard IP' represents load cell counts


26. Clock Region Cell Placement per Global Clock: Region X1Y2
-------------------------------------------------------------

+-----------+-------+-----------------+------------+-------------+-----------------+------+--------+------+-----+----+------+-----+---------+-------------------------------------------------------------------------------------+
| Global Id | Track | Driver Type/Pin | Constraint | Clock Loads | Non-Clock Loads | FF   | LUTRAM | RAMB | DSP | GT | MMCM | PLL | Hard IP | Net                                                                                 |
+-----------+-------+-----------------+------------+-------------+-----------------+------+--------+------+-----+----+------+-----+---------+-------------------------------------------------------------------------------------+
| g0        | n/a   | BUFG/O          | None       |        5151 |               0 | 4726 |    421 |    4 |   0 |  0 |    0 |   0 |       0 | cis_sobel_i/mig_7series_0/u_cis_sobel_mig_7series_0_0_mig/u_ddr3_infrastructure/CLK |
| g3        | n/a   | BUFG/O          | None       |         178 |               0 |  172 |      2 |    4 |   0 |  0 |    0 |   0 |       0 | eth_tx_clk_IBUF_BUFG                                                                |
| g7        | n/a   | BUFG/O          | None       |          15 |               0 |   15 |      0 |    0 |   0 |  0 |    0 |   0 |       0 | cis_sobel_i/clk_wiz_0/inst/clk_200m                                                 |
| g10       | n/a   | BUFG/O          | None       |           1 |               0 |    0 |      0 |    0 |   0 |  0 |    1 |   0 |       0 | cis_sobel_i/clk_wiz_0/inst/clkfbout_buf_cis_sobel_clk_wiz_0_0                       |
+-----------+-------+-----------------+------------+-------------+-----------------+------+--------+------+-----+----+------+-----+---------+-------------------------------------------------------------------------------------+
* Clock Loads column represents the clock pin loads (pin count)
** Non-Clock Loads column represents the non-clock pin loads (pin count)
*** Columns FF, LUTRAM, RAMB through 'Hard IP' represents load cell counts



# Location of BUFG Primitives 
set_property LOC BUFGCTRL_X0Y21 [get_cells eth_tx_clk_IBUF_BUFG_inst]
set_property LOC BUFGCTRL_X0Y1 [get_cells cis_sobel_i/util_ds_buf_0/U0/USE_BUFG.GEN_BUFG[0].BUFG_U]
set_property LOC BUFGCTRL_X0Y2 [get_cells cis_sobel_i/ov5640_rgb565_top_0/scl_reg_i_3]
set_property LOC BUFGCTRL_X0Y0 [get_cells cis_sobel_i/mig_7series_0/u_cis_sobel_mig_7series_0_0_mig/u_ddr3_infrastructure/u_bufg_clkdiv0]
set_property LOC BUFGCTRL_X0Y25 [get_cells cis_sobel_i/clk_wiz_0/inst/clkf_buf]
set_property LOC BUFGCTRL_X0Y24 [get_cells cis_sobel_i/clk_wiz_0/inst/clkout6_buf]
set_property LOC BUFGCTRL_X0Y20 [get_cells cis_sobel_i/clk_wiz_0/inst/clkout7_buf]
set_property LOC BUFGCTRL_X0Y18 [get_cells cis_sobel_i/clk_wiz_0/inst/clkout2_buf]
set_property LOC BUFGCTRL_X0Y19 [get_cells cis_sobel_i/clk_wiz_0/inst/clkout3_buf]
set_property LOC BUFGCTRL_X0Y17 [get_cells cis_sobel_i/clk_wiz_0/inst/clkout4_buf]
set_property LOC BUFGCTRL_X0Y16 [get_cells cis_sobel_i/clk_wiz_0/inst/clkout5_buf]
set_property LOC BUFGCTRL_X0Y23 [get_cells cis_sobel_i/clk_wiz_0/inst/clkout1_buf]
set_property LOC BUFGCTRL_X0Y22 [get_cells cis_sobel_i/Trash_Risc_0/FSM_onehot_jtagStateReg_reg[15]_i_2]

# Location of BUFH Primitives 
set_property LOC BUFHCE_X1Y12 [get_cells cis_sobel_i/mig_7series_0/u_cis_sobel_mig_7series_0_0_mig/u_ddr3_infrastructure/u_bufh_pll_clk3]

# Location of IO Primitives which is load of clock spine
set_property LOC IOB_X0Y106 [get_cells eth_ref_clk_OBUF_inst]
set_property LOC IOB_X0Y138 [get_cells camera_xclk_OBUF_inst]

# Location of clock ports
set_property LOC IOB_X0Y103 [get_ports camera_pclk[0]]
set_property LOC IOB_X1Y126 [get_ports clk]
set_property LOC IOB_X0Y124 [get_ports eth_tx_clk]

# Clock net "eth_tx_clk_IBUF_BUFG" driven by instance "eth_tx_clk_IBUF_BUFG_inst" located at site "BUFGCTRL_X0Y21"
#startgroup
create_pblock {CLKAG_eth_tx_clk_IBUF_BUFG}
add_cells_to_pblock [get_pblocks  {CLKAG_eth_tx_clk_IBUF_BUFG}] [get_cells -filter { PRIMITIVE_GROUP != I/O && IS_PRIMITIVE==1 && PRIMITIVE_LEVEL !=INTERNAL } -of_object [get_pins -filter {DIRECTION==IN} -of_objects [get_nets -hierarchical -filter {PARENT=="eth_tx_clk_IBUF_BUFG"}]]]
resize_pblock [get_pblocks {CLKAG_eth_tx_clk_IBUF_BUFG}] -add {CLOCKREGION_X0Y1:CLOCKREGION_X0Y1 CLOCKREGION_X0Y2:CLOCKREGION_X0Y2 CLOCKREGION_X1Y1:CLOCKREGION_X1Y1 CLOCKREGION_X1Y2:CLOCKREGION_X1Y2}
#endgroup

# Clock net "cis_sobel_i/util_ds_buf_0/U0/BUFG_O[0]" driven by instance "cis_sobel_i/util_ds_buf_0/U0/USE_BUFG.GEN_BUFG[0].BUFG_U" located at site "BUFGCTRL_X0Y1"
#startgroup
create_pblock {CLKAG_cis_sobel_i/util_ds_buf_0/U0/BUFG_O[0]}
add_cells_to_pblock [get_pblocks  {CLKAG_cis_sobel_i/util_ds_buf_0/U0/BUFG_O[0]}] [get_cells -filter { PRIMITIVE_GROUP != I/O && IS_PRIMITIVE==1 && PRIMITIVE_LEVEL !=INTERNAL } -of_object [get_pins -filter {DIRECTION==IN} -of_objects [get_nets -hierarchical -filter {PARENT=="cis_sobel_i/util_ds_buf_0/U0/BUFG_O[0]"}]]]
resize_pblock [get_pblocks {CLKAG_cis_sobel_i/util_ds_buf_0/U0/BUFG_O[0]}] -add {CLOCKREGION_X0Y1:CLOCKREGION_X0Y1 CLOCKREGION_X0Y2:CLOCKREGION_X0Y2 CLOCKREGION_X1Y1:CLOCKREGION_X1Y1}
#endgroup

# Clock net "cis_sobel_i/ov5640_rgb565_top_0/i2c_dri_clk" driven by instance "cis_sobel_i/ov5640_rgb565_top_0/scl_reg_i_3" located at site "BUFGCTRL_X0Y2"
#startgroup
create_pblock {CLKAG_cis_sobel_i/ov5640_rgb565_top_0/i2c_dri_clk}
add_cells_to_pblock [get_pblocks  {CLKAG_cis_sobel_i/ov5640_rgb565_top_0/i2c_dri_clk}] [get_cells -filter { PRIMITIVE_GROUP != I/O && IS_PRIMITIVE==1 && PRIMITIVE_LEVEL !=INTERNAL } -of_object [get_pins -filter {DIRECTION==IN} -of_objects [get_nets -hierarchical -filter {PARENT=="cis_sobel_i/ov5640_rgb565_top_0/i2c_dri_clk"}]]]
resize_pblock [get_pblocks {CLKAG_cis_sobel_i/ov5640_rgb565_top_0/i2c_dri_clk}] -add {CLOCKREGION_X0Y2:CLOCKREGION_X0Y2}
#endgroup

# Clock net "cis_sobel_i/mig_7series_0/u_cis_sobel_mig_7series_0_0_mig/u_ddr3_infrastructure/CLK" driven by instance "cis_sobel_i/mig_7series_0/u_cis_sobel_mig_7series_0_0_mig/u_ddr3_infrastructure/u_bufg_clkdiv0" located at site "BUFGCTRL_X0Y0"
#startgroup
create_pblock {CLKAG_cis_sobel_i/mig_7series_0/u_cis_sobel_mig_7series_0_0_mig/u_ddr3_infrastructure/CLK}
add_cells_to_pblock [get_pblocks  {CLKAG_cis_sobel_i/mig_7series_0/u_cis_sobel_mig_7series_0_0_mig/u_ddr3_infrastructure/CLK}] [get_cells -filter { PRIMITIVE_GROUP != I/O && IS_PRIMITIVE==1 && PRIMITIVE_LEVEL !=INTERNAL && NAME!=cis_sobel_i/mig_7series_0/u_cis_sobel_mig_7series_0_0_mig/u_ddr3_infrastructure/gen_mmcm.mmcm_i} -of_object [get_pins -filter {DIRECTION==IN} -of_objects [get_nets -hierarchical -filter {PARENT=="cis_sobel_i/mig_7series_0/u_cis_sobel_mig_7series_0_0_mig/u_ddr3_infrastructure/CLK"}]]]
resize_pblock [get_pblocks {CLKAG_cis_sobel_i/mig_7series_0/u_cis_sobel_mig_7series_0_0_mig/u_ddr3_infrastructure/CLK}] -add {CLOCKREGION_X0Y1:CLOCKREGION_X0Y1 CLOCKREGION_X0Y2:CLOCKREGION_X0Y2 CLOCKREGION_X1Y1:CLOCKREGION_X1Y1 CLOCKREGION_X1Y2:CLOCKREGION_X1Y2}
#endgroup

# Clock net "cis_sobel_i/clk_wiz_0/inst/clk_8388m" driven by instance "cis_sobel_i/clk_wiz_0/inst/clkout6_buf" located at site "BUFGCTRL_X0Y24"
#startgroup
create_pblock {CLKAG_cis_sobel_i/clk_wiz_0/inst/clk_8388m}
add_cells_to_pblock [get_pblocks  {CLKAG_cis_sobel_i/clk_wiz_0/inst/clk_8388m}] [get_cells -filter { PRIMITIVE_GROUP != I/O && IS_PRIMITIVE==1 && PRIMITIVE_LEVEL !=INTERNAL } -of_object [get_pins -filter {DIRECTION==IN} -of_objects [get_nets -hierarchical -filter {PARENT=="cis_sobel_i/clk_wiz_0/inst/clk_8388m"}]]]
resize_pblock [get_pblocks {CLKAG_cis_sobel_i/clk_wiz_0/inst/clk_8388m}] -add {CLOCKREGION_X1Y1:CLOCKREGION_X1Y1}
#endgroup

# Clock net "cis_sobel_i/clk_wiz_0/inst/clk_50m" driven by instance "cis_sobel_i/clk_wiz_0/inst/clkout7_buf" located at site "BUFGCTRL_X0Y20"
#startgroup
create_pblock {CLKAG_cis_sobel_i/clk_wiz_0/inst/clk_50m}
add_cells_to_pblock [get_pblocks  {CLKAG_cis_sobel_i/clk_wiz_0/inst/clk_50m}] [get_cells -filter { PRIMITIVE_GROUP != I/O && IS_PRIMITIVE==1 && PRIMITIVE_LEVEL !=INTERNAL } -of_object [get_pins -filter {DIRECTION==IN} -of_objects [get_nets -hierarchical -filter {PARENT=="cis_sobel_i/clk_wiz_0/inst/clk_50m"}]]]
resize_pblock [get_pblocks {CLKAG_cis_sobel_i/clk_wiz_0/inst/clk_50m}] -add {CLOCKREGION_X0Y0:CLOCKREGION_X0Y0 CLOCKREGION_X0Y1:CLOCKREGION_X0Y1 CLOCKREGION_X0Y2:CLOCKREGION_X0Y2 CLOCKREGION_X1Y1:CLOCKREGION_X1Y1}
#endgroup

# Clock net "cis_sobel_i/clk_wiz_0/inst/clk_200m" driven by instance "cis_sobel_i/clk_wiz_0/inst/clkout4_buf" located at site "BUFGCTRL_X0Y17"
#startgroup
create_pblock {CLKAG_cis_sobel_i/clk_wiz_0/inst/clk_200m}
add_cells_to_pblock [get_pblocks  {CLKAG_cis_sobel_i/clk_wiz_0/inst/clk_200m}] [get_cells -filter { PRIMITIVE_GROUP != I/O && IS_PRIMITIVE==1 && PRIMITIVE_LEVEL !=INTERNAL && NAME!=cis_sobel_i/mig_7series_0/u_cis_sobel_mig_7series_0_0_mig/u_ddr3_infrastructure/plle2_i} -of_object [get_pins -filter {DIRECTION==IN} -of_objects [get_nets -hierarchical -filter {PARENT=="cis_sobel_i/clk_wiz_0/inst/clk_200m"}]]]
resize_pblock [get_pblocks {CLKAG_cis_sobel_i/clk_wiz_0/inst/clk_200m}] -add {CLOCKREGION_X0Y2:CLOCKREGION_X0Y2 CLOCKREGION_X1Y1:CLOCKREGION_X1Y1 CLOCKREGION_X1Y2:CLOCKREGION_X1Y2}
#endgroup

# Clock net "cis_sobel_i/clk_wiz_0/inst/clk_16m" driven by instance "cis_sobel_i/clk_wiz_0/inst/clkout5_buf" located at site "BUFGCTRL_X0Y16"
#startgroup
create_pblock {CLKAG_cis_sobel_i/clk_wiz_0/inst/clk_16m}
add_cells_to_pblock [get_pblocks  {CLKAG_cis_sobel_i/clk_wiz_0/inst/clk_16m}] [get_cells -filter { PRIMITIVE_GROUP != I/O && IS_PRIMITIVE==1 && PRIMITIVE_LEVEL !=INTERNAL } -of_object [get_pins -filter {DIRECTION==IN} -of_objects [get_nets -hierarchical -filter {PARENT=="cis_sobel_i/clk_wiz_0/inst/clk_16m"}]]]
resize_pblock [get_pblocks {CLKAG_cis_sobel_i/clk_wiz_0/inst/clk_16m}] -add {CLOCKREGION_X0Y0:CLOCKREGION_X0Y0 CLOCKREGION_X0Y1:CLOCKREGION_X0Y1 CLOCKREGION_X1Y0:CLOCKREGION_X1Y0 CLOCKREGION_X1Y1:CLOCKREGION_X1Y1}
#endgroup

# Clock net "cis_sobel_i/clk_wiz_0/inst/clk_100m" driven by instance "cis_sobel_i/clk_wiz_0/inst/clkout1_buf" located at site "BUFGCTRL_X0Y23"
#startgroup
create_pblock {CLKAG_cis_sobel_i/clk_wiz_0/inst/clk_100m}
add_cells_to_pblock [get_pblocks  {CLKAG_cis_sobel_i/clk_wiz_0/inst/clk_100m}] [get_cells -filter { PRIMITIVE_GROUP != I/O && IS_PRIMITIVE==1 && PRIMITIVE_LEVEL !=INTERNAL } -of_object [get_pins -filter {DIRECTION==IN} -of_objects [get_nets -hierarchical -filter {PARENT=="cis_sobel_i/clk_wiz_0/inst/clk_100m"}]]]
resize_pblock [get_pblocks {CLKAG_cis_sobel_i/clk_wiz_0/inst/clk_100m}] -add {CLOCKREGION_X0Y2:CLOCKREGION_X0Y2}
#endgroup

# Clock net "cis_sobel_i/Trash_Risc_0/dut_io_pads_jtag_TCK_i_ival" driven by instance "cis_sobel_i/Trash_Risc_0/FSM_onehot_jtagStateReg_reg[15]_i_2" located at site "BUFGCTRL_X0Y22"
#startgroup
create_pblock {CLKAG_cis_sobel_i/Trash_Risc_0/dut_io_pads_jtag_TCK_i_ival}
add_cells_to_pblock [get_pblocks  {CLKAG_cis_sobel_i/Trash_Risc_0/dut_io_pads_jtag_TCK_i_ival}] [get_cells -filter { PRIMITIVE_GROUP != I/O && IS_PRIMITIVE==1 && PRIMITIVE_LEVEL !=INTERNAL } -of_object [get_pins -filter {DIRECTION==IN} -of_objects [get_nets -hierarchical -filter {PARENT=="cis_sobel_i/Trash_Risc_0/dut_io_pads_jtag_TCK_i_ival"}]]]
resize_pblock [get_pblocks {CLKAG_cis_sobel_i/Trash_Risc_0/dut_io_pads_jtag_TCK_i_ival}] -add {CLOCKREGION_X0Y0:CLOCKREGION_X0Y0}
#endgroup
