#-----------------------------------------------------------
# Vivado v2019.1 (64-bit)
# SW Build 2552052 on Fri May 24 14:49:42 MDT 2019
# IP Build 2548770 on Fri May 24 18:01:18 MDT 2019
# Start of session at: Wed Jun  9 20:22:28 2021
# Process ID: 1232
# Current directory: C:/Users/sustech/Desktop/dff/riscv_sobel_miiudp_ov5640
# Command line: vivado.exe -gui_launcher_event rodinguilauncherevent12680 C:\Users\sustech\Desktop\dff\riscv_sobel_miiudp_ov5640\riscv_sobel_miiudp_ov5640.xpr
# Log file: C:/Users/sustech/Desktop/dff/riscv_sobel_miiudp_ov5640/vivado.log
# Journal file: C:/Users/sustech/Desktop/dff/riscv_sobel_miiudp_ov5640\vivado.jou
#-----------------------------------------------------------
start_gui
open_project C:/Users/sustech/Desktop/dff/riscv_sobel_miiudp_ov5640/riscv_sobel_miiudp_ov5640.xpr
INFO: [Project 1-313] Project file moved from 'C:/Users/sustech/Desktop/riscv_sobel_miiudp_ov5640/riscv_sobel_miiudp_ov5640/riscv_sobel_miiudp_ov5640' since last save.
CRITICAL WARNING: [Project 1-311] Could not find the file 'C:/Users/sustech/Desktop/52_sobel_edge_dector/52_sobel_edge_dector/rtl/vip/VIP_Matrix_Generate_3X3_8Bit.v', nor could it be found using path 'C:/Users/sustech/Desktop/riscv_sobel_miiudp_ov5640/52_sobel_edge_dector/52_sobel_edge_dector/rtl/vip/VIP_Matrix_Generate_3X3_8Bit.v'.
CRITICAL WARNING: [Project 1-311] Could not find the file 'C:/Users/sustech/Desktop/52_sobel_edge_dector/52_sobel_edge_dector/rtl/vip/VIP_Sobel_Edge_Detector.v', nor could it be found using path 'C:/Users/sustech/Desktop/riscv_sobel_miiudp_ov5640/52_sobel_edge_dector/52_sobel_edge_dector/rtl/vip/VIP_Sobel_Edge_Detector.v'.
CRITICAL WARNING: [Project 1-311] Could not find the file 'C:/Users/sustech/Desktop/52_sobel_edge_dector/52_sobel_edge_dector/rtl/vip/line_shift_RAM_8bit.v', nor could it be found using path 'C:/Users/sustech/Desktop/riscv_sobel_miiudp_ov5640/52_sobel_edge_dector/52_sobel_edge_dector/rtl/vip/line_shift_RAM_8bit.v'.
CRITICAL WARNING: [Project 1-311] Could not find the file 'C:/Users/sustech/Desktop/52_sobel_edge_dector/52_sobel_edge_dector/rtl/vip/rgb2ycbcr.v', nor could it be found using path 'C:/Users/sustech/Desktop/riscv_sobel_miiudp_ov5640/52_sobel_edge_dector/52_sobel_edge_dector/rtl/vip/rgb2ycbcr.v'.
CRITICAL WARNING: [Project 1-311] Could not find the file 'C:/Users/sustech/Desktop/dff/riscv_sobel_miiudp_ov5640/riscv_sobel_miiudp_ov5640.srcs/sources_1/ip/mig_7series_0/mig_a.prj', nor could it be found using path 'C:/Users/sustech/Desktop/riscv_sobel_miiudp_ov5640/riscv_sobel_miiudp_ov5640/riscv_sobel_miiudp_ov5640/riscv_sobel_miiudp_ov5640.srcs/sources_1/ip/mig_7series_0/mig_a.prj'.
Scanning sources...
Finished scanning sources
WARNING: [filemgmt 56-3] IP Repository Path: Could not find the directory 'D:/ProjectVivado/RISC_BUG/RISC_BUG.srcs'.
INFO: [IP_Flow 19-234] Refreshing IP repositories
WARNING: [IP_Flow 19-2248] Failed to load user IP repository 'd:/ProjectVivado/RISC_BUG/RISC_BUG.srcs'; Can't find the specified path.
If this directory should no longer be in your list of user repositories, go to the IP Settings dialog and remove it.
INFO: [IP_Flow 19-2313] Loaded Vivado IP repository 'F:/Xilinx/Vivado/2019.1/data/ip'.
WARNING: [BD 41-1661] One or more IPs have been locked in the design 'cis_sobel.bd'. Please run report_ip_status for more details and recommendations on how to fix this issue.
List of locked IPs:
cis_sobel_mig_7series_0_0
cis_sobel_axi_smc_0
cis_sobel_clk_wiz_0_0
cis_sobel_util_ds_buf_0_0
cis_sobel_Trash_Risc_0_0

WARNING: [IP_Flow 19-2162] IP 'clk_wiz_0' is locked:
* This IP has board specific outputs. Current project board 'unset' and the board 'digilentinc.com:arty-a7-100:part0:1.0' used to customize the IP 'clk_wiz_0' do not match.
CRITICAL WARNING: [Common 17-1649] The Vivado message database 'C:/Users/sustech/Desktop/dff/riscv_sobel_miiudp_ov5640/riscv_sobel_miiudp_ov5640.runs/synth_1/vivado.pb' contains 20790 messages. Restoring all messages from this message database will impact Vivado performance, so only WARNING, CRITICAL WARNING, and ERROR messages will be restored. To restore all messages from this file use the tcl command 'set_param messaging.loadPbLimit 20791' and re-open the project.
open_project: Time (s): cpu = 00:00:22 ; elapsed = 00:00:18 . Memory (MB): peak = 871.793 ; gain = 234.664
update_compile_order -fileset sources_1
write_cfgmem  -format mcs -size 16 -interface SPIx1 -loadbit {up 0x00000000 "C:/Users/sustech/Desktop/dff/riscv_sobel_miiudp_ov5640/riscv_sobel_miiudp_ov5640.runs/impl_1/cis_sobel_wrapper.bit" } -loaddata {up 0x00A00000 "C:/Users/sustech/Desktop/Nuclei_Dev/Nuclei_Tools/hbird-sdk/application/baremetal/Jichuangsai/jichuangsai.bin" } -force -file "C:/Users/sustech/Desktop/dff/riscv_sobel_miiudp_ov5640/riscv_sobel_miiudp_ov5640.runs/impl_1/jichuangsai.mcs"
Command: write_cfgmem -format mcs -size 16 -interface SPIx1 -loadbit {up 0x00000000 "C:/Users/sustech/Desktop/dff/riscv_sobel_miiudp_ov5640/riscv_sobel_miiudp_ov5640.runs/impl_1/cis_sobel_wrapper.bit" } -loaddata {up 0x00A00000 "C:/Users/sustech/Desktop/Nuclei_Dev/Nuclei_Tools/hbird-sdk/application/baremetal/Jichuangsai/jichuangsai.bin" } -force -file C:/Users/sustech/Desktop/dff/riscv_sobel_miiudp_ov5640/riscv_sobel_miiudp_ov5640.runs/impl_1/jichuangsai.mcs
Creating config memory files...
Creating bitstream load up from address 0x00000000
Loading bitfile C:/Users/sustech/Desktop/dff/riscv_sobel_miiudp_ov5640/riscv_sobel_miiudp_ov5640.runs/impl_1/cis_sobel_wrapper.bit
Creating bitstream load up from address 0x00A00000
Loading datafile C:/Users/sustech/Desktop/Nuclei_Dev/Nuclei_Tools/hbird-sdk/application/baremetal/Jichuangsai/jichuangsai.bin
Writing file C:/Users/sustech/Desktop/dff/riscv_sobel_miiudp_ov5640/riscv_sobel_miiudp_ov5640.runs/impl_1/jichuangsai.mcs
Writing log file C:/Users/sustech/Desktop/dff/riscv_sobel_miiudp_ov5640/riscv_sobel_miiudp_ov5640.runs/impl_1/jichuangsai.prm
===================================
Configuration Memory information
===================================
File Format        MCS
Interface          SPIX1
Size               16M
Start Address      0x00000000
End Address        0x00FFFFFF

Addr1         Addr2         Date                    File(s)
0x00000000    0x003A607B    Jun  5 22:24:05 2021    C:/Users/sustech/Desktop/dff/riscv_sobel_miiudp_ov5640/riscv_sobel_miiudp_ov5640.runs/impl_1/cis_sobel_wrapper.bit
0x00A00000    0x00A02C13    Jun  9 20:17:49 2021    C:/Users/sustech/Desktop/Nuclei_Dev/Nuclei_Tools/hbird-sdk/application/baremetal/Jichuangsai/jichuangsai.bin
0 Infos, 0 Warnings, 0 Critical Warnings and 0 Errors encountered.
write_cfgmem completed successfully
write_cfgmem: Time (s): cpu = 00:00:04 ; elapsed = 00:00:07 . Memory (MB): peak = 2333.008 ; gain = 169.090
open_hw
connect_hw_server
INFO: [Labtools 27-2285] Connecting to hw_server url TCP:localhost:3121
INFO: [Labtools 27-2222] Launching hw_server...
INFO: [Labtools 27-2221] Launch Output:

****** Xilinx hw_server v2019.1
  **** Build date : May 24 2019 at 15:13:31
    ** Copyright 1986-2019 Xilinx, Inc. All Rights Reserved.


connect_hw_server: Time (s): cpu = 00:00:01 ; elapsed = 00:00:08 . Memory (MB): peak = 2333.008 ; gain = 0.000
open_hw_target
INFO: [Labtoolstcl 44-466] Opening hw_target localhost:3121/xilinx_tcf/Digilent/210319AFEE93A
set_property PROGRAM.FILE {C:/Users/sustech/Desktop/dff/riscv_sobel_miiudp_ov5640/riscv_sobel_miiudp_ov5640.runs/impl_1/cis_sobel_wrapper.bit} [get_hw_devices xc7a100t_0]
current_hw_device [get_hw_devices xc7a100t_0]
refresh_hw_device -update_hw_probes false [lindex [get_hw_devices xc7a100t_0] 0]
INFO: [Labtools 27-1434] Device xc7a100t (JTAG device index = 0) is programmed with a design that has no supported debug core(s) in it.
create_hw_cfgmem -hw_device [get_hw_devices xc7a100t_0] -mem_dev [lindex [get_cfgmem_parts {s25fl128sxxxxxx0-spi-x1_x2_x4}] 0]
set_property PROGRAM.ADDRESS_RANGE  {use_file} [ get_property PROGRAM.HW_CFGMEM [lindex [get_hw_devices xc7a100t_0] 0]]
set_property PROGRAM.FILES [list "C:/Users/sustech/Desktop/dff/riscv_sobel_miiudp_ov5640/riscv_sobel_miiudp_ov5640.runs/impl_1/jichuangsai.mcs" ] [ get_property PROGRAM.HW_CFGMEM [lindex [get_hw_devices xc7a100t_0] 0]]
set_property PROGRAM.PRM_FILE {} [ get_property PROGRAM.HW_CFGMEM [lindex [get_hw_devices xc7a100t_0] 0]]
set_property PROGRAM.UNUSED_PIN_TERMINATION {pull-none} [ get_property PROGRAM.HW_CFGMEM [lindex [get_hw_devices xc7a100t_0] 0]]
set_property PROGRAM.BLANK_CHECK  0 [ get_property PROGRAM.HW_CFGMEM [lindex [get_hw_devices xc7a100t_0] 0]]
set_property PROGRAM.ERASE  1 [ get_property PROGRAM.HW_CFGMEM [lindex [get_hw_devices xc7a100t_0] 0]]
set_property PROGRAM.CFG_PROGRAM  1 [ get_property PROGRAM.HW_CFGMEM [lindex [get_hw_devices xc7a100t_0] 0]]
set_property PROGRAM.VERIFY  1 [ get_property PROGRAM.HW_CFGMEM [lindex [get_hw_devices xc7a100t_0] 0]]
set_property PROGRAM.CHECKSUM  0 [ get_property PROGRAM.HW_CFGMEM [lindex [get_hw_devices xc7a100t_0] 0]]
startgroup 
create_hw_bitstream -hw_device [lindex [get_hw_devices xc7a100t_0] 0] [get_property PROGRAM.HW_CFGMEM_BITFILE [ lindex [get_hw_devices xc7a100t_0] 0]]; program_hw_devices [lindex [get_hw_devices xc7a100t_0] 0]; refresh_hw_device [lindex [get_hw_devices xc7a100t_0] 0];
INFO: [Labtools 27-3164] End of startup status: HIGH
INFO: [Labtools 27-2302] Device xc7a100t (JTAG device index = 0) is programmed with a design that has 1 SPI core(s).
program_hw_cfgmem -hw_cfgmem [ get_property PROGRAM.HW_CFGMEM [lindex [get_hw_devices xc7a100t_0] 0]]
Mfg ID : 1   Memory Type : 20   Memory Capacity : 18   Device ID 1 : 0   Device ID 2 : 0
Performing Erase Operation...
Erase Operation successful.
Performing Program and Verify Operations...
Program/Verify Operation successful.
INFO: [Labtoolstcl 44-377] Flash programming completed successfully
program_hw_cfgmem: Time (s): cpu = 00:00:02 ; elapsed = 00:01:35 . Memory (MB): peak = 2333.008 ; gain = 0.000
endgroup
close_hw
write_cfgmem  -format mcs -size 16 -interface SPIx1 -loadbit {up 0x00000000 "C:/Users/sustech/Desktop/dff/riscv_sobel_miiudp_ov5640/riscv_sobel_miiudp_ov5640.runs/impl_1/cis_sobel_wrapper.bit" } -loaddata {up 0x00A00000 "C:/Users/sustech/Desktop/Nuclei_Dev/Nuclei_Tools/hbird-sdk/application/baremetal/Jichuangsai/jichuangsai.bin" } -force -file "C:/Users/sustech/Desktop/dff/riscv_sobel_miiudp_ov5640/riscv_sobel_miiudp_ov5640.runs/impl_1/jichuangsai.mcs"
Command: write_cfgmem -format mcs -size 16 -interface SPIx1 -loadbit {up 0x00000000 "C:/Users/sustech/Desktop/dff/riscv_sobel_miiudp_ov5640/riscv_sobel_miiudp_ov5640.runs/impl_1/cis_sobel_wrapper.bit" } -loaddata {up 0x00A00000 "C:/Users/sustech/Desktop/Nuclei_Dev/Nuclei_Tools/hbird-sdk/application/baremetal/Jichuangsai/jichuangsai.bin" } -force -file C:/Users/sustech/Desktop/dff/riscv_sobel_miiudp_ov5640/riscv_sobel_miiudp_ov5640.runs/impl_1/jichuangsai.mcs
Creating config memory files...
Creating bitstream load up from address 0x00000000
Loading bitfile C:/Users/sustech/Desktop/dff/riscv_sobel_miiudp_ov5640/riscv_sobel_miiudp_ov5640.runs/impl_1/cis_sobel_wrapper.bit
Creating bitstream load up from address 0x00A00000
Loading datafile C:/Users/sustech/Desktop/Nuclei_Dev/Nuclei_Tools/hbird-sdk/application/baremetal/Jichuangsai/jichuangsai.bin
Writing file C:/Users/sustech/Desktop/dff/riscv_sobel_miiudp_ov5640/riscv_sobel_miiudp_ov5640.runs/impl_1/jichuangsai.mcs
Writing log file C:/Users/sustech/Desktop/dff/riscv_sobel_miiudp_ov5640/riscv_sobel_miiudp_ov5640.runs/impl_1/jichuangsai.prm
===================================
Configuration Memory information
===================================
File Format        MCS
Interface          SPIX1
Size               16M
Start Address      0x00000000
End Address        0x00FFFFFF

Addr1         Addr2         Date                    File(s)
0x00000000    0x003A607B    Jun  5 22:24:05 2021    C:/Users/sustech/Desktop/dff/riscv_sobel_miiudp_ov5640/riscv_sobel_miiudp_ov5640.runs/impl_1/cis_sobel_wrapper.bit
0x00A00000    0x00A02DBF    Jun  9 20:34:54 2021    C:/Users/sustech/Desktop/Nuclei_Dev/Nuclei_Tools/hbird-sdk/application/baremetal/Jichuangsai/jichuangsai.bin
0 Infos, 0 Warnings, 0 Critical Warnings and 0 Errors encountered.
write_cfgmem completed successfully
open_hw
connect_hw_server
INFO: [Labtools 27-2285] Connecting to hw_server url TCP:localhost:3121
INFO: [Labtools 27-2222] Launching hw_server...
INFO: [Labtools 27-2221] Launch Output:

****** Xilinx hw_server v2019.1
  **** Build date : May 24 2019 at 15:13:31
    ** Copyright 1986-2019 Xilinx, Inc. All Rights Reserved.


connect_hw_server: Time (s): cpu = 00:00:01 ; elapsed = 00:00:06 . Memory (MB): peak = 2360.719 ; gain = 0.000
open_hw_target
INFO: [Labtoolstcl 44-466] Opening hw_target localhost:3121/xilinx_tcf/Digilent/210319AFEE93A
set_property PROGRAM.FILE {C:/Users/sustech/Desktop/dff/riscv_sobel_miiudp_ov5640/riscv_sobel_miiudp_ov5640.runs/impl_1/cis_sobel_wrapper.bit} [get_hw_devices xc7a100t_0]
current_hw_device [get_hw_devices xc7a100t_0]
refresh_hw_device -update_hw_probes false [lindex [get_hw_devices xc7a100t_0] 0]
INFO: [Labtools 27-1434] Device xc7a100t (JTAG device index = 0) is programmed with a design that has no supported debug core(s) in it.
create_hw_cfgmem -hw_device [get_hw_devices xc7a100t_0] -mem_dev [lindex [get_cfgmem_parts {s25fl128sxxxxxx0-spi-x1_x2_x4}] 0]
set_property PROGRAM.ADDRESS_RANGE  {use_file} [ get_property PROGRAM.HW_CFGMEM [lindex [get_hw_devices xc7a100t_0] 0]]
set_property PROGRAM.FILES [list "C:/Users/sustech/Desktop/dff/riscv_sobel_miiudp_ov5640/riscv_sobel_miiudp_ov5640.runs/impl_1/jichuangsai.mcs" ] [ get_property PROGRAM.HW_CFGMEM [lindex [get_hw_devices xc7a100t_0] 0]]
set_property PROGRAM.PRM_FILE {} [ get_property PROGRAM.HW_CFGMEM [lindex [get_hw_devices xc7a100t_0] 0]]
set_property PROGRAM.UNUSED_PIN_TERMINATION {pull-none} [ get_property PROGRAM.HW_CFGMEM [lindex [get_hw_devices xc7a100t_0] 0]]
set_property PROGRAM.BLANK_CHECK  0 [ get_property PROGRAM.HW_CFGMEM [lindex [get_hw_devices xc7a100t_0] 0]]
set_property PROGRAM.ERASE  1 [ get_property PROGRAM.HW_CFGMEM [lindex [get_hw_devices xc7a100t_0] 0]]
set_property PROGRAM.CFG_PROGRAM  1 [ get_property PROGRAM.HW_CFGMEM [lindex [get_hw_devices xc7a100t_0] 0]]
set_property PROGRAM.VERIFY  1 [ get_property PROGRAM.HW_CFGMEM [lindex [get_hw_devices xc7a100t_0] 0]]
set_property PROGRAM.CHECKSUM  0 [ get_property PROGRAM.HW_CFGMEM [lindex [get_hw_devices xc7a100t_0] 0]]
startgroup 
create_hw_bitstream -hw_device [lindex [get_hw_devices xc7a100t_0] 0] [get_property PROGRAM.HW_CFGMEM_BITFILE [ lindex [get_hw_devices xc7a100t_0] 0]]; program_hw_devices [lindex [get_hw_devices xc7a100t_0] 0]; refresh_hw_device [lindex [get_hw_devices xc7a100t_0] 0];
INFO: [Labtools 27-3164] End of startup status: HIGH
INFO: [Labtools 27-2302] Device xc7a100t (JTAG device index = 0) is programmed with a design that has 1 SPI core(s).
program_hw_cfgmem -hw_cfgmem [ get_property PROGRAM.HW_CFGMEM [lindex [get_hw_devices xc7a100t_0] 0]]
Mfg ID : 1   Memory Type : 20   Memory Capacity : 18   Device ID 1 : 0   Device ID 2 : 0
Performing Erase Operation...
Erase Operation successful.
Performing Program and Verify Operations...
Program/Verify Operation successful.
INFO: [Labtoolstcl 44-377] Flash programming completed successfully
program_hw_cfgmem: Time (s): cpu = 00:00:01 ; elapsed = 00:01:34 . Memory (MB): peak = 2360.719 ; gain = 0.000
endgroup
close_hw
exit
INFO: [Common 17-206] Exiting Vivado at Thu Jun 10 13:07:10 2021...
